<?xml version="1.0" encoding="UTF-8"?>
<!-- Generated by org.testng.reporters.JUnitXMLReporter -->
<testsuite ignored="0" hostname="DESKTOP-KG8FKSE" failures="0" tests="5" name="Default test" time="16.19" errors="0" timestamp="2023-12-20T17:43:18 IST">
  <testcase classname="testNGpractice.NewTest1" name="tc1" time="8.021"/>
  <testcase classname="testNGpractice.NewTest1" name="tc2" time="2.04"/>
  <testcase classname="testNGpractice.NewTest1" name="tc3" time="3.11"/>
  <testcase classname="testNGpractice.NewTest1" name="tc4" time="2.598"/>
  <testcase classname="testNGpractice.NewTest1" name="tc5" time="0.317"/>
</testsuite> <!-- Default test -->
