<?xml version="1.0" encoding="UTF-8"?>
<!-- Generated by org.testng.reporters.JUnitXMLReporter -->
<testsuite ignored="4" hostname="DESKTOP-KG8FKSE" failures="0" tests="6" name="testing1" time="0.186" errors="0" timestamp="2023-12-21T10:25:53 IST">
  <testcase classname="testNGpractice.GroupsExample" name="tc1" time="0.021"/>
  <testcase classname="testNGpractice.GroupsExample" name="tc10" time="0.005"/>
  <testcase classname="testNGpractice.GroupsExample" name="tc2" time="0.003"/>
  <testcase classname="testNGpractice.GroupsExample" name="tc4" time="0.003"/>
  <testcase classname="testNGpractice.GroupsExample" name="tc5" time="0.004"/>
  <testcase classname="testNGpractice.GroupsExample" name="tc7" time="0.018"/>
  <testcase classname="testNGpractice.GroupsExample" name="tc3" time="0.0">
    <ignored/>
  </testcase> <!-- tc3 -->
  <testcase classname="testNGpractice.GroupsExample" name="tc6" time="0.0">
    <ignored/>
  </testcase> <!-- tc6 -->
  <testcase classname="testNGpractice.GroupsExample" name="tc9" time="0.0">
    <ignored/>
  </testcase> <!-- tc9 -->
  <testcase classname="testNGpractice.GroupsExample" name="tc8" time="0.0">
    <ignored/>
  </testcase> <!-- tc8 -->
</testsuite> <!-- testing1 -->
